app/build/intermediates/manifest_merge_blame_file/debug/manifest-merger-blame-debug-report.txt
1<?xml version="1.0" encoding="utf-8"?>
2<manifest xmlns:android="http://schemas.android.com/apk/res/android"
3    package="com.flibustier.android.recipe"
4    android:versionCode="1"
5    android:versionName="1.0" >
6
7    <uses-sdk
8        android:minSdkVersion="16"
8-->src\main\AndroidManifest.xml
9        android:targetSdkVersion="30" />
9-->src\main\AndroidManifest.xml
10    <!-- To auto-complete the email text field in the login form with the user's emails -->
11    <uses-permission android:name="android.permission.GET_ACCOUNTS" />
11-->src\main\AndroidManifest.xml:5:5-71
11-->src\main\AndroidManifest.xml:5:22-68
12    <uses-permission android:name="android.permission.READ_PROFILE" />
12-->src\main\AndroidManifest.xml:6:5-71
12-->src\main\AndroidManifest.xml:6:22-68
13    <uses-permission android:name="android.permission.READ_CONTACTS" />
13-->src\main\AndroidManifest.xml:7:5-72
13-->src\main\AndroidManifest.xml:7:22-69
14    <uses-permission android:name="android.permission.CAMERA" />
14-->src\main\AndroidManifest.xml:8:5-65
14-->src\main\AndroidManifest.xml:8:22-62
15    <uses-permission android:name="android.permission.WRITE_EXTERNAL_STORAGE" />
15-->src\main\AndroidManifest.xml:9:5-81
15-->src\main\AndroidManifest.xml:9:22-78
16    <uses-permission android:name="android.permission.READ_EXTERNAL_STORAGE" />
16-->src\main\AndroidManifest.xml:10:5-80
16-->src\main\AndroidManifest.xml:10:22-77
17
18    <application
18-->src\main\AndroidManifest.xml:12:5-60:19
19        android:allowBackup="true"
19-->src\main\AndroidManifest.xml:13:9-35
20        android:appComponentFactory="androidx.core.app.CoreComponentFactory"
20-->[androidx.core:core:1.3.1] AndroidManifest.xml:24:18-86
21        android:debuggable="true"
22        android:icon="@mipmap/ic_launcher"
22-->src\main\AndroidManifest.xml:14:9-43
23        android:label="atHand"
23-->src\main\AndroidManifest.xml:15:9-31
24        android:largeHeap="true"
24-->src\main\AndroidManifest.xml:16:9-33
25        android:roundIcon="@mipmap/ic_launcher_round"
25-->src\main\AndroidManifest.xml:17:9-54
26        android:supportsRtl="true"
26-->src\main\AndroidManifest.xml:18:9-35
27        android:theme="@style/AppTheme" >
27-->src\main\AndroidManifest.xml:19:9-40
28        <activity
28-->src\main\AndroidManifest.xml:20:9-29:20
29            android:name="com.flibustier.android.recipe.SplashScreen"
29-->src\main\AndroidManifest.xml:21:13-41
30            android:screenOrientation="portrait"
30-->src\main\AndroidManifest.xml:22:13-49
31            android:theme="@style/Theme.AppCompat.Light.NoActionBar" >
31-->src\main\AndroidManifest.xml:23:13-69
32            <intent-filter>
32-->src\main\AndroidManifest.xml:24:13-28:29
33                <action android:name="android.intent.action.MAIN" />
33-->src\main\AndroidManifest.xml:25:17-69
33-->src\main\AndroidManifest.xml:25:25-66
34
35                <category android:name="android.intent.category.LAUNCHER" />
35-->src\main\AndroidManifest.xml:27:17-77
35-->src\main\AndroidManifest.xml:27:27-74
36            </intent-filter>
37        </activity>
38        <activity
38-->src\main\AndroidManifest.xml:30:9-36:20
39            android:name="com.flibustier.android.recipe.MainActivity"
39-->src\main\AndroidManifest.xml:31:13-41
40            android:label="atHand"
40-->src\main\AndroidManifest.xml:32:13-35
41            android:screenOrientation="portrait"
41-->src\main\AndroidManifest.xml:33:13-49
42            android:theme="@style/AppTheme.NoActionBar" >
42-->src\main\AndroidManifest.xml:34:13-56
43        </activity>
44        <activity
44-->src\main\AndroidManifest.xml:37:9-39:52
45            android:name="com.flibustier.android.recipe.RecipeActivity"
45-->src\main\AndroidManifest.xml:38:13-43
46            android:screenOrientation="portrait" />
46-->src\main\AndroidManifest.xml:39:13-49
47        <activity
47-->src\main\AndroidManifest.xml:40:9-46:76
48            android:name="com.flibustier.android.recipe.AddRecipeActivity"
48-->src\main\AndroidManifest.xml:41:13-46
49            android:exported="true"
49-->src\main\AndroidManifest.xml:42:13-36
50            android:label="@string/title_activity_add_recipe"
50-->src\main\AndroidManifest.xml:43:13-62
51            android:screenOrientation="portrait"
51-->src\main\AndroidManifest.xml:44:13-49
52            android:theme="@style/AppTheme.NoActionBar"
52-->src\main\AndroidManifest.xml:45:13-56
53            android:windowSoftInputMode="adjustResize|stateAlwaysHidden" />
53-->src\main\AndroidManifest.xml:46:13-73
54        <activity
54-->src\main\AndroidManifest.xml:47:9-49:52
55            android:name="com.flibustier.android.recipe.RecipeListActivity"
55-->src\main\AndroidManifest.xml:48:13-47
56            android:screenOrientation="portrait" />
56-->src\main\AndroidManifest.xml:49:13-49
57        <activity
57-->src\main\AndroidManifest.xml:50:9-52:52
58            android:name="com.flibustier.android.recipe.LoginActivity"
58-->src\main\AndroidManifest.xml:51:13-42
59            android:screenOrientation="portrait" />
59-->src\main\AndroidManifest.xml:52:13-49
60        <activity android:name="com.flibustier.android.recipe.TempSearchResultActivity" />
60-->src\main\AndroidManifest.xml:53:9-62
60-->src\main\AndroidManifest.xml:53:19-59
61        <activity android:name="com.flibustier.android.recipe.RegistrationActivity" />
61-->src\main\AndroidManifest.xml:54:9-58
61-->src\main\AndroidManifest.xml:54:19-55
62        <activity android:name="com.flibustier.android.recipe.SearchResult" />
62-->src\main\AndroidManifest.xml:55:9-50
62-->src\main\AndroidManifest.xml:55:19-47
63
64        <meta-data
64-->src\main\AndroidManifest.xml:57:9-59:57
65            android:name="preloaded_fonts"
65-->src\main\AndroidManifest.xml:58:13-43
66            android:resource="@array/preloaded_fonts" />
66-->src\main\AndroidManifest.xml:59:13-54
67    </application>
68
69</manifest>